<?xml version="1.0" encoding="UTF-8"?>
<!-- Generated by org.testng.reporters.JUnitXMLReporter -->
<testsuite ignored="0" hostname="GS-5695" failures="1" tests="1" name="Validating User login" time="59.922" errors="0" timestamp="2021-10-20T12:07:15 IST">
  <testcase classname="Demo.Demomyntra.HomePage" name="baseNavigation" time="56.676">
    <failure type="org.openqa.selenium.NoSuchElementException" message="Cannot locate an element using xpath=/html/body/div[1]/div[2]/div/div/div/div/div/div/div[1]/div[4]/div[2]/div/div/div/div[2]/div/div[1]/a
For documentation on this error, please visit: https://www.seleniumhq.org/exceptions/no_such_element.html
Build info: version: &amp;apos;3.141.59&amp;apos;, revision: &amp;apos;e82be7d358&amp;apos;, time: &amp;apos;2018-11-14T08:25:53&amp;apos;
System info: host: &amp;apos;GS-5695&amp;apos;, ip: &amp;apos;127.0.1.1&amp;apos;, os.name: &amp;apos;Linux&amp;apos;, os.arch: &amp;apos;amd64&amp;apos;, os.version: &amp;apos;5.11.0-37-generic&amp;apos;, java.version: &amp;apos;11.0.11&amp;apos;
Driver info: driver.version: RemoteWebDriver">
      <![CDATA[org.openqa.selenium.NoSuchElementException: Cannot locate an element using xpath=/html/body/div[1]/div[2]/div/div/div/div/div/div/div[1]/div[4]/div[2]/div/div/div/div[2]/div/div[1]/a
For documentation on this error, please visit: https://www.seleniumhq.org/exceptions/no_such_element.html
Build info: version: '3.141.59', revision: 'e82be7d358', time: '2018-11-14T08:25:53'
System info: host: 'GS-5695', ip: '127.0.1.1', os.name: 'Linux', os.arch: 'amd64', os.version: '5.11.0-37-generic', java.version: '11.0.11'
Driver info: driver.version: RemoteWebDriver
at org.openqa.selenium.remote.RemoteWebDriver.findElement(RemoteWebDriver.java:327)
at org.openqa.selenium.remote.RemoteWebDriver.findElementByXPath(RemoteWebDriver.java:428)
at org.openqa.selenium.By$ByXPath.findElement(By.java:353)
at org.openqa.selenium.remote.RemoteWebDriver.findElement(RemoteWebDriver.java:315)
at Demo.Demomyntra.AddToBag.validtion(AddToBag.java:63)
at Demo.Demomyntra.HomePage.baseNavigation(HomePage.java:70)
at java.base/java.util.ArrayList.forEach(ArrayList.java:1541)
... Removed 27 stack frames]]>
    </failure>
  </testcase> <!-- baseNavigation -->
</testsuite> <!-- Validating User login -->
